# JRE version: OpenJDK Runtime Environment Temurin-17.0.4+8 (17.0.4+8) (build 17.0.4+8)
# Java VM: OpenJDK 64-Bit Server VM Temurin-17.0.4+8 (17.0.4+8, mixed mode, tiered, compressed oops, compressed class ptrs, g1 gc, windows-amd64)
GC Precious Log:
 CPUs: 6 total, 6 available
 Memory: 32688M
 Large Page Support: Disabled
 NUMA Support: Disabled
 Compressed Oops: Enabled (Zero based)
 Heap Region Size: 4M
 Heap Min Capacity: 8M
 Heap Initial Capacity: 512M
 Heap Max Capacity: 8176M
 Pre-touch: Disabled
 Parallel Workers: 6
 Concurrent Workers: 2
 Concurrent Refinement Workers: 6
 Periodic GC: Disabled
Heap:
 garbage-first heap   total 81920K, used 32580K [0x0000000601000000, 0x0000000800000000)
  region size 4096K, 2 young (8192K), 1 survivors (4096K)
 Metaspace       used 33842K, committed 34112K, reserved 1081344K
  class space    used 3620K, committed 3776K, reserved 1048576K
GC Heap History (14 events):
Event: 0.828 GC heap before
{Heap before GC invocations=0 (full 0):
 garbage-first heap   total 524288K, used 32768K [0x0000000601000000, 0x0000000800000000)
  region size 4096K, 6 young (24576K), 0 survivors (0K)
 Metaspace       used 17576K, committed 17792K, reserved 1073152K
  class space    used 1821K, committed 1920K, reserved 1048576K
}
Event: 0.830 GC heap after
{Heap after GC invocations=1 (full 0):
 garbage-first heap   total 524288K, used 11606K [0x0000000601000000, 0x0000000800000000)
  region size 4096K, 1 young (4096K), 1 survivors (4096K)
 Metaspace       used 17576K, committed 17792K, reserved 1073152K
  class space    used 1821K, committed 1920K, reserved 1048576K
}
Event: 0.978 GC heap before
{Heap before GC invocations=1 (full 0):
 garbage-first heap   total 524288K, used 36182K [0x0000000601000000, 0x0000000800000000)
  region size 4096K, 7 young (28672K), 1 survivors (4096K)
 Metaspace       used 18986K, committed 19264K, reserved 1073152K
  class space    used 1988K, committed 2112K, reserved 1048576K
}
Event: 0.981 GC heap after
{Heap after GC invocations=2 (full 0):
 garbage-first heap   total 524288K, used 14562K [0x0000000601000000, 0x0000000800000000)
  region size 4096K, 1 young (4096K), 1 survivors (4096K)
 Metaspace       used 18986K, committed 19264K, reserved 1073152K
  class space    used 1988K, committed 2112K, reserved 1048576K
}
Event: 2.207 GC heap before
{Heap before GC invocations=2 (full 0):
 garbage-first heap   total 524288K, used 47330K [0x0000000601000000, 0x0000000800000000)
  region size 4096K, 10 young (40960K), 1 survivors (4096K)
 Metaspace       used 21311K, committed 21504K, reserved 1073152K
  class space    used 2242K, committed 2368K, reserved 1048576K
}
Event: 2.209 GC heap after
{Heap after GC invocations=3 (full 0):
 garbage-first heap   total 524288K, used 18926K [0x0000000601000000, 0x0000000800000000)
  region size 4096K, 1 young (4096K), 1 survivors (4096K)
 Metaspace       used 21311K, committed 21504K, reserved 1073152K
  class space    used 2242K, committed 2368K, reserved 1048576K
}
Event: 2.531 GC heap before
{Heap before GC invocations=4 (full 0):
 garbage-first heap   total 81920K, used 59886K [0x0000000601000000, 0x0000000800000000)
  region size 4096K, 12 young (49152K), 1 survivors (4096K)
 Metaspace       used 27503K, committed 27712K, reserved 1081344K
  class space    used 2854K, committed 2944K, reserved 1048576K
}
Event: 2.533 GC heap after
{Heap after GC invocations=5 (full 0):
 garbage-first heap   total 81920K, used 25802K [0x0000000601000000, 0x0000000800000000)
  region size 4096K, 2 young (8192K), 2 survivors (8192K)
 Metaspace       used 27503K, committed 27712K, reserved 1081344K
  class space    used 2854K, committed 2944K, reserved 1048576K
}
Event: 2.561 GC heap before
{Heap before GC invocations=5 (full 0):
 garbage-first heap   total 81920K, used 29898K [0x0000000601000000, 0x0000000800000000)
  region size 4096K, 3 young (12288K), 2 survivors (8192K)
 Metaspace       used 27954K, committed 28160K, reserved 1081344K
  class space    used 2925K, committed 3008K, reserved 1048576K
}
Event: 2.564 GC heap after
{Heap after GC invocations=6 (full 0):
 garbage-first heap   total 81920K, used 25491K [0x0000000601000000, 0x0000000800000000)
  region size 4096K, 1 young (4096K), 1 survivors (4096K)
 Metaspace       used 27954K, committed 28160K, reserved 1081344K
  class space    used 2925K, committed 3008K, reserved 1048576K
}
Event: 11.478 GC heap before
{Heap before GC invocations=6 (full 0):
 garbage-first heap   total 81920K, used 50067K [0x0000000601000000, 0x0000000800000000)
  region size 4096K, 7 young (28672K), 1 survivors (4096K)
 Metaspace       used 32624K, committed 32960K, reserved 1081344K
  class space    used 3529K, committed 3712K, reserved 1048576K
}
Event: 11.480 GC heap after
{Heap after GC invocations=7 (full 0):
 garbage-first heap   total 81920K, used 27637K [0x0000000601000000, 0x0000000800000000)
  region size 4096K, 1 young (4096K), 1 survivors (4096K)
 Metaspace       used 32624K, committed 32960K, reserved 1081344K
  class space    used 3529K, committed 3712K, reserved 1048576K
}
Event: 155.567 GC heap before
{Heap before GC invocations=7 (full 0):
 garbage-first heap   total 81920K, used 60405K [0x0000000601000000, 0x0000000800000000)
  region size 4096K, 8 young (32768K), 1 survivors (4096K)
 Metaspace       used 33808K, committed 34048K, reserved 1081344K
  class space    used 3619K, committed 3776K, reserved 1048576K
}
Event: 155.568 GC heap after
{Heap after GC invocations=8 (full 0):
 garbage-first heap   total 81920K, used 32580K [0x0000000601000000, 0x0000000800000000)
  region size 4096K, 1 young (4096K), 1 survivors (4096K)
 Metaspace       used 33808K, committed 34048K, reserved 1081344K
  class space    used 3619K, committed 3776K, reserved 1048576K
}

