# JRE version: OpenJDK Runtime Environment Temurin-17.0.4+8 (17.0.4+8) (build 17.0.4+8)
# Java VM: OpenJDK 64-Bit Server VM Temurin-17.0.4+8 (17.0.4+8, mixed mode, tiered, compressed oops, compressed class ptrs, g1 gc, windows-amd64)
GC Precious Log:
 CPUs: 6 total, 6 available
 Memory: 32688M
 Large Page Support: Disabled
 NUMA Support: Disabled
 Compressed Oops: Enabled (Zero based)
 Heap Region Size: 4M
 Heap Min Capacity: 8M
 Heap Initial Capacity: 512M
 Heap Max Capacity: 8176M
 Pre-touch: Disabled
 Parallel Workers: 6
 Concurrent Workers: 2
 Concurrent Refinement Workers: 6
 Periodic GC: Disabled
Heap:
 garbage-first heap   total 81920K, used 38168K [0x0000000601000000, 0x0000000800000000)
  region size 4096K, 3 young (12288K), 1 survivors (4096K)
 Metaspace       used 34099K, committed 34368K, reserved 1081344K
  class space    used 3628K, committed 3776K, reserved 1048576K
GC Heap History (14 events):
Event: 0.812 GC heap before
{Heap before GC invocations=0 (full 0):
 garbage-first heap   total 524288K, used 32768K [0x0000000601000000, 0x0000000800000000)
  region size 4096K, 6 young (24576K), 0 survivors (0K)
 Metaspace       used 17577K, committed 17728K, reserved 1064960K
  class space    used 1821K, committed 1920K, reserved 1048576K
}
Event: 0.815 GC heap after
{Heap after GC invocations=1 (full 0):
 garbage-first heap   total 524288K, used 11649K [0x0000000601000000, 0x0000000800000000)
  region size 4096K, 1 young (4096K), 1 survivors (4096K)
 Metaspace       used 17577K, committed 17728K, reserved 1064960K
  class space    used 1821K, committed 1920K, reserved 1048576K
}
Event: 0.957 GC heap before
{Heap before GC invocations=1 (full 0):
 garbage-first heap   total 524288K, used 36225K [0x0000000601000000, 0x0000000800000000)
  region size 4096K, 7 young (28672K), 1 survivors (4096K)
 Metaspace       used 18971K, committed 19200K, reserved 1073152K
  class space    used 1988K, committed 2112K, reserved 1048576K
}
Event: 0.960 GC heap after
{Heap after GC invocations=2 (full 0):
 garbage-first heap   total 524288K, used 14622K [0x0000000601000000, 0x0000000800000000)
  region size 4096K, 1 young (4096K), 1 survivors (4096K)
 Metaspace       used 18971K, committed 19200K, reserved 1073152K
  class space    used 1988K, committed 2112K, reserved 1048576K
}
Event: 2.276 GC heap before
{Heap before GC invocations=2 (full 0):
 garbage-first heap   total 524288K, used 51486K [0x0000000601000000, 0x0000000800000000)
  region size 4096K, 10 young (40960K), 1 survivors (4096K)
 Metaspace       used 21296K, committed 21504K, reserved 1073152K
  class space    used 2242K, committed 2368K, reserved 1048576K
}
Event: 2.278 GC heap after
{Heap after GC invocations=3 (full 0):
 garbage-first heap   total 524288K, used 18964K [0x0000000601000000, 0x0000000800000000)
  region size 4096K, 1 young (4096K), 1 survivors (4096K)
 Metaspace       used 21296K, committed 21504K, reserved 1073152K
  class space    used 2242K, committed 2368K, reserved 1048576K
}
Event: 2.616 GC heap before
{Heap before GC invocations=4 (full 0):
 garbage-first heap   total 81920K, used 59924K [0x0000000601000000, 0x0000000800000000)
  region size 4096K, 13 young (53248K), 1 survivors (4096K)
 Metaspace       used 27956K, committed 28160K, reserved 1081344K
  class space    used 2930K, committed 3008K, reserved 1048576K
}
Event: 2.618 GC heap after
{Heap after GC invocations=5 (full 0):
 garbage-first heap   total 81920K, used 26888K [0x0000000601000000, 0x0000000800000000)
  region size 4096K, 2 young (8192K), 2 survivors (8192K)
 Metaspace       used 27956K, committed 28160K, reserved 1081344K
  class space    used 2930K, committed 3008K, reserved 1048576K
}
Event: 2.770 GC heap before
{Heap before GC invocations=5 (full 0):
 garbage-first heap   total 81920K, used 30984K [0x0000000601000000, 0x0000000800000000)
  region size 4096K, 3 young (12288K), 2 survivors (8192K)
 Metaspace       used 28729K, committed 28992K, reserved 1081344K
  class space    used 3026K, committed 3136K, reserved 1048576K
}
Event: 2.773 GC heap after
{Heap after GC invocations=6 (full 0):
 garbage-first heap   total 81920K, used 26733K [0x0000000601000000, 0x0000000800000000)
  region size 4096K, 1 young (4096K), 1 survivors (4096K)
 Metaspace       used 28729K, committed 28992K, reserved 1081344K
  class space    used 3026K, committed 3136K, reserved 1048576K
}
Event: 32.937 GC heap before
{Heap before GC invocations=6 (full 0):
 garbage-first heap   total 81920K, used 55405K [0x0000000601000000, 0x0000000800000000)
  region size 4096K, 8 young (32768K), 1 survivors (4096K)
 Metaspace       used 33024K, committed 33344K, reserved 1081344K
  class space    used 3533K, committed 3712K, reserved 1048576K
}
Event: 32.939 GC heap after
{Heap after GC invocations=7 (full 0):
 garbage-first heap   total 81920K, used 29177K [0x0000000601000000, 0x0000000800000000)
  region size 4096K, 1 young (4096K), 1 survivors (4096K)
 Metaspace       used 33024K, committed 33344K, reserved 1081344K
  class space    used 3533K, committed 3712K, reserved 1048576K
}
Event: 302.595 GC heap before
{Heap before GC invocations=7 (full 0):
 garbage-first heap   total 81920K, used 61945K [0x0000000601000000, 0x0000000800000000)
  region size 4096K, 8 young (32768K), 1 survivors (4096K)
 Metaspace       used 34058K, committed 34368K, reserved 1081344K
  class space    used 3628K, committed 3776K, reserved 1048576K
}
Event: 302.598 GC heap after
{Heap after GC invocations=8 (full 0):
 garbage-first heap   total 81920K, used 34072K [0x0000000601000000, 0x0000000800000000)
  region size 4096K, 1 young (4096K), 1 survivors (4096K)
 Metaspace       used 34058K, committed 34368K, reserved 1081344K
  class space    used 3628K, committed 3776K, reserved 1048576K
}

